<?xml version="1.0" encoding="UTF-8"?>
<!-- Generated by org.testng.reporters.JUnitXMLReporter -->
<testsuite hostname="CSMBHUL251" ignored="0" name="CAFTest" tests="7" failures="0" timestamp="2020-07-02T09:43:01 IST" time="50.237" errors="0">
  <testcase name="@AfterMethod tearDown" time="0.0" classname="com.minimizedScenariosExtentReport.CAFTest">
    <failure type="java.lang.NullPointerException">
      <![CDATA[java.lang.NullPointerException
at com.minimizedScenariosExtentReport.CAFTest.tearDown(CAFTest.java:941)
at java.util.ArrayList.forEach(Unknown Source)
... Removed 32 stack frames]]>
    </failure>
  </testcase> <!-- @AfterMethod tearDown -->
  <testcase name="@AfterMethod tearDown" time="-1.593663181315E9" classname="com.minimizedScenariosExtentReport.CAFTest">
    <skipped/>
  </testcase> <!-- @AfterMethod tearDown -->
  <testcase name="@AfterMethod tearDown" time="-1.593663181324E9" classname="com.minimizedScenariosExtentReport.CAFTest">
    <skipped/>
  </testcase> <!-- @AfterMethod tearDown -->
  <testcase name="@AfterMethod tearDown" time="-1.593663181328E9" classname="com.minimizedScenariosExtentReport.CAFTest">
    <skipped/>
  </testcase> <!-- @AfterMethod tearDown -->
  <testcase name="@AfterMethod tearDown" time="-1.593663181335E9" classname="com.minimizedScenariosExtentReport.CAFTest">
    <skipped/>
  </testcase> <!-- @AfterMethod tearDown -->
  <testcase name="@AfterMethod tearDown" time="-1.593663181349E9" classname="com.minimizedScenariosExtentReport.CAFTest">
    <skipped/>
  </testcase> <!-- @AfterMethod tearDown -->
  <testcase name="@AfterMethod tearDown" time="-1.593663181359E9" classname="com.minimizedScenariosExtentReport.CAFTest">
    <skipped/>
  </testcase> <!-- @AfterMethod tearDown -->
  <testcase name="@AfterTest finish" time="-1.593663181366E9" classname="com.minimizedScenariosExtentReport.CAFTest">
    <skipped/>
  </testcase> <!-- @AfterTest finish -->
  <testcase name="MALECandidate_CAF_Apply" time="50.108" classname="com.minimizedScenariosExtentReport.CAFTest"/>
  <testcase name="femaleCandidate" time="0.0" classname="com.minimizedScenariosExtentReport.CAFTest">
    <skipped/>
  </testcase> <!-- femaleCandidate -->
  <testcase name="Transgender_Candidate_CAF_Apply" time="0.0" classname="com.minimizedScenariosExtentReport.CAFTest">
    <skipped/>
  </testcase> <!-- Transgender_Candidate_CAF_Apply -->
  <testcase name="Minimum_10thpercentage_Apply_CAF" time="0.0" classname="com.minimizedScenariosExtentReport.CAFTest">
    <skipped/>
  </testcase> <!-- Minimum_10thpercentage_Apply_CAF -->
  <testcase name="CAFApply_10thpasscompartmental" time="0.0" classname="com.minimizedScenariosExtentReport.CAFTest">
    <skipped/>
  </testcase> <!-- CAFApply_10thpasscompartmental -->
  <testcase name="CAF_NotAccept_Lessthan5preference" time="0.0" classname="com.minimizedScenariosExtentReport.CAFTest">
    <skipped/>
  </testcase> <!-- CAF_NotAccept_Lessthan5preference -->
  <testcase name="CAF_Accept_Fivepreference" time="0.0" classname="com.minimizedScenariosExtentReport.CAFTest">
    <skipped/>
  </testcase> <!-- CAF_Accept_Fivepreference -->
</testsuite> <!-- CAFTest -->
