<?xml version="1.0" encoding="UTF-8"?>
<!-- Generated by org.testng.reporters.JUnitXMLReporter -->
<testsuite hostname="CSMBHUL251" ignored="0" name="Check_Fieldvalidation" tests="12" failures="0" timestamp="2020-07-02T09:47:11 IST" time="250.393" errors="0">
  <testcase name="Check_Disabled_Supplementary_Currentyear" time="37.336" classname="com.minimizedScenariosExtentReport.Check_Fieldvalidation"/>
  <testcase name="Check_Age_Equalto_13years_Apply" time="61.4" classname="com.minimizedScenariosExtentReport.Check_Fieldvalidation"/>
  <testcase name="Check_Age_Lessthan_13years_Apply" time="8.515" classname="com.minimizedScenariosExtentReport.Check_Fieldvalidation"/>
  <testcase name="Check_Age_Morethan_13years_Apply" time="8.525" classname="com.minimizedScenariosExtentReport.Check_Fieldvalidation"/>
  <testcase name="Check_ResisteredMobileNo_Readonlymode" time="29.718" classname="com.minimizedScenariosExtentReport.Check_Fieldvalidation"/>
  <testcase name="Check_Displaying_ResisteredEmailId" time="2.116" classname="com.minimizedScenariosExtentReport.Check_Fieldvalidation"/>
  <testcase name="Check_Enable_Compartmental_Selectannual" time="3.585" classname="com.minimizedScenariosExtentReport.Check_Fieldvalidation"/>
  <testcase name="Check_Enable_Compartmental_Selectsupplementary" time="70.54" classname="com.minimizedScenariosExtentReport.Check_Fieldvalidation"/>
  <testcase name="Check_YOJ_Less_YOL" time="13.755" classname="com.minimizedScenariosExtentReport.Check_Fieldvalidation"/>
  <testcase name="Check_YOL_Disabled" time="0.1" classname="com.minimizedScenariosExtentReport.Check_Fieldvalidation"/>
  <testcase name="VerifyYOL_Same_10thYOP" time="5.325" classname="com.minimizedScenariosExtentReport.Check_Fieldvalidation"/>
  <testcase name="CheckStreamwise_Previousyear_Cuttoffmark" time="7.458" classname="com.minimizedScenariosExtentReport.Check_Fieldvalidation"/>
</testsuite> <!-- Check_Fieldvalidation -->
