<?xml version="1.0" encoding="UTF-8"?>
<!-- Generated by org.testng.reporters.JUnitXMLReporter -->
<testsuite hostname="CSMBHUL251" ignored="0" name="ExamType" tests="3" failures="0" timestamp="2020-07-02T09:49:34 IST" time="64.11" errors="0">
  <testcase name="ExamType_Annual" time="1.085" classname="com.minimizedScenariosExtentReport.ExamType"/>
  <testcase name="Examtype_Supplementary" time="0.574" classname="com.minimizedScenariosExtentReport.ExamType"/>
  <testcase name="ChildrenOfMatrys_Apply" time="30.805" classname="com.minimizedScenariosExtentReport.ExamType"/>
</testsuite> <!-- ExamType -->
