<?xml version="1.0" encoding="UTF-8"?>
<!-- Generated by org.testng.reporters.JUnitXMLReporter -->
<testsuite hostname="CSMBHUL251" ignored="0" name="Mark_Grade" tests="4" failures="0" timestamp="2020-07-02T09:50:01 IST" time="26.487" errors="0">
  <testcase name="Mark_Grade_BPEKerela" time="1.147" classname="com.minimizedScenariosExtentReport.Mark_Grade"/>
  <testcase name="Mark_Grade_BSEAndhrapradesh" time="0.944" classname="com.minimizedScenariosExtentReport.Mark_Grade"/>
  <testcase name="Mark_Grade_BSEboard" time="0.51" classname="com.minimizedScenariosExtentReport.Mark_Grade"/>
  <testcase name="Mark_Grade_CBSEBoard" time="0.427" classname="com.minimizedScenariosExtentReport.Mark_Grade"/>
</testsuite> <!-- Mark_Grade -->
