<?xml version="1.0" encoding="UTF-8"?>
<!-- Generated by org.testng.reporters.JUnitXMLReporter -->
<testsuite hostname="CSMBHUL251" ignored="0" name="Test2" tests="69" failures="3" timestamp="2020-07-14T11:05:32 IST" time="446.962" errors="0">
  <testcase name="SpecialCharNotAllowInitialPlaceForApplicantName" time="59.057" classname="FieldText.VerifySpecialChar"/>
  <testcase name="SpecialCharNotAllowLastPlaceForApplicantName" time="3.864" classname="FieldText.VerifySpecialChar"/>
  <testcase name="SpecialCharNotAllowMiddlePlaceForApplicantName" time="3.882" classname="FieldText.VerifySpecialChar"/>
  <testcase name="SpecialCharNotAllowInitialPlaceForFatherName" time="3.602" classname="FieldText.VerifySpecialChar"/>
  <testcase name="SpecialCharNotAllowLastPlaceForFatherName" time="3.648" classname="FieldText.VerifySpecialChar"/>
  <testcase name="SpecialCharNotAllowMiddlePlaceForFatherName" time="3.6" classname="FieldText.VerifySpecialChar"/>
  <testcase name="SpecialCharNotAllowInitialPlaceForMotherName" time="3.566" classname="FieldText.VerifySpecialChar"/>
  <testcase name="SpecialCharNotAllowLastPlaceForMotherName" time="3.477" classname="FieldText.VerifySpecialChar"/>
  <testcase name="SpecialCharNotAllowMiddlePlaceForMotherName" time="3.535" classname="FieldText.VerifySpecialChar"/>
  <testcase name="SpecialCharNotAllowInitialPlaceForAadharNumber" time="1.656" classname="FieldText.VerifySpecialChar">
    <failure type="java.lang.NullPointerException">
      <![CDATA[java.lang.NullPointerException
at FieldText.VerifySpecialChar.SpecialCharNotAllowInitialPlaceForAadharNumber(VerifySpecialChar.java:483)
at java.util.ArrayList.forEach(Unknown Source)
... Removed 27 stack frames]]>
    </failure>
  </testcase> <!-- SpecialCharNotAllowInitialPlaceForAadharNumber -->
  <testcase name="SpecialCharNotAllowLastPlaceForAadharNumber" time="0.488" classname="FieldText.VerifySpecialChar">
    <failure type="org.openqa.selenium.UnhandledAlertException" message="unexpected alert open: {Alert text : Invalid Aadhaar number}
  (Session info: chrome=83.0.4103.116): Invalid Aadhaar number
Build info: version: &amp;apos;3.141.59&amp;apos;, revision: &amp;apos;e82be7d358&amp;apos;, time: &amp;apos;2018-11-14T08:17:03&amp;apos;
System info: host: &amp;apos;CSMBHUL251&amp;apos;, ip: &amp;apos;10.0.75.1&amp;apos;, os.name: &amp;apos;Windows 10&amp;apos;, os.arch: &amp;apos;amd64&amp;apos;, os.version: &amp;apos;10.0&amp;apos;, java.version: &amp;apos;1.8.0_181&amp;apos;
Driver info: org.openqa.selenium.chrome.ChromeDriver
Capabilities {acceptInsecureCerts: false, browserName: chrome, browserVersion: 83.0.4103.116, chrome: {chromedriverVersion: 83.0.4103.39 (ccbf011cb2d2b..., userDataDir: C:\Users\SATYAR~1.M\AppData...}, goog:chromeOptions: {debuggerAddress: localhost:51205}, javascriptEnabled: true, networkConnectionEnabled: false, pageLoadStrategy: normal, platform: WINDOWS, platformName: WINDOWS, proxy: Proxy(), setWindowRect: true, strictFileInteractability: false, timeouts: {implicit: 0, pageLoad: 300000, script: 30000}, unhandledPromptBehavior: dismiss and notify, webauthn:virtualAuthenticators: true}
Session ID: b92aa61867f675b2767347dbea06d31e
*** Element info: {Using=id, value=txtadhar}">
      <![CDATA[org.openqa.selenium.UnhandledAlertException: unexpected alert open: {Alert text : Invalid Aadhaar number}
  (Session info: chrome=83.0.4103.116): Invalid Aadhaar number
Build info: version: '3.141.59', revision: 'e82be7d358', time: '2018-11-14T08:17:03'
System info: host: 'CSMBHUL251', ip: '10.0.75.1', os.name: 'Windows 10', os.arch: 'amd64', os.version: '10.0', java.version: '1.8.0_181'
Driver info: org.openqa.selenium.chrome.ChromeDriver
Capabilities {acceptInsecureCerts: false, browserName: chrome, browserVersion: 83.0.4103.116, chrome: {chromedriverVersion: 83.0.4103.39 (ccbf011cb2d2b..., userDataDir: C:\Users\SATYAR~1.M\AppData...}, goog:chromeOptions: {debuggerAddress: localhost:51205}, javascriptEnabled: true, networkConnectionEnabled: false, pageLoadStrategy: normal, platform: WINDOWS, platformName: WINDOWS, proxy: Proxy(), setWindowRect: true, strictFileInteractability: false, timeouts: {implicit: 0, pageLoad: 300000, script: 30000}, unhandledPromptBehavior: dismiss and notify, webauthn:virtualAuthenticators: true}
Session ID: b92aa61867f675b2767347dbea06d31e
*** Element info: {Using=id, value=txtadhar}
at org.openqa.selenium.remote.http.W3CHttpResponseCodec.decode(W3CHttpResponseCodec.java:120)
at org.openqa.selenium.remote.http.W3CHttpResponseCodec.decode(W3CHttpResponseCodec.java:49)
at org.openqa.selenium.remote.HttpCommandExecutor.execute(HttpCommandExecutor.java:158)
at org.openqa.selenium.remote.service.DriverCommandExecutor.execute(DriverCommandExecutor.java:83)
at org.openqa.selenium.remote.RemoteWebDriver.execute(RemoteWebDriver.java:552)
at org.openqa.selenium.remote.RemoteWebDriver.findElement(RemoteWebDriver.java:323)
at org.openqa.selenium.remote.RemoteWebDriver.findElementById(RemoteWebDriver.java:372)
at org.openqa.selenium.By$ById.findElement(By.java:188)
at org.openqa.selenium.remote.RemoteWebDriver.findElement(RemoteWebDriver.java:315)
at Genericlib.CommonFunction.enterText(CommonFunction.java:98)
at FieldText.VerifySpecialChar.SpecialCharNotAllowLastPlaceForAadharNumber(VerifySpecialChar.java:524)
at java.util.ArrayList.forEach(Unknown Source)
... Removed 27 stack frames]]>
    </failure>
  </testcase> <!-- SpecialCharNotAllowLastPlaceForAadharNumber -->
  <testcase name="SpecialCharNotAllowMiddlePlaceForAadharNumber" time="1.684" classname="FieldText.VerifySpecialChar">
    <failure type="org.openqa.selenium.UnhandledAlertException" message="unexpected alert open: {Alert text : Invalid Aadhaar number}
  (Session info: chrome=83.0.4103.116): Invalid Aadhaar number
Build info: version: &amp;apos;3.141.59&amp;apos;, revision: &amp;apos;e82be7d358&amp;apos;, time: &amp;apos;2018-11-14T08:17:03&amp;apos;
System info: host: &amp;apos;CSMBHUL251&amp;apos;, ip: &amp;apos;10.0.75.1&amp;apos;, os.name: &amp;apos;Windows 10&amp;apos;, os.arch: &amp;apos;amd64&amp;apos;, os.version: &amp;apos;10.0&amp;apos;, java.version: &amp;apos;1.8.0_181&amp;apos;
Driver info: org.openqa.selenium.chrome.ChromeDriver
Capabilities {acceptInsecureCerts: false, browserName: chrome, browserVersion: 83.0.4103.116, chrome: {chromedriverVersion: 83.0.4103.39 (ccbf011cb2d2b..., userDataDir: C:\Users\SATYAR~1.M\AppData...}, goog:chromeOptions: {debuggerAddress: localhost:51205}, javascriptEnabled: true, networkConnectionEnabled: false, pageLoadStrategy: normal, platform: WINDOWS, platformName: WINDOWS, proxy: Proxy(), setWindowRect: true, strictFileInteractability: false, timeouts: {implicit: 0, pageLoad: 300000, script: 30000}, unhandledPromptBehavior: dismiss and notify, webauthn:virtualAuthenticators: true}
Session ID: b92aa61867f675b2767347dbea06d31e
*** Element info: {Using=id, value=popup_message}">
      <![CDATA[org.openqa.selenium.UnhandledAlertException: unexpected alert open: {Alert text : Invalid Aadhaar number}
  (Session info: chrome=83.0.4103.116): Invalid Aadhaar number
Build info: version: '3.141.59', revision: 'e82be7d358', time: '2018-11-14T08:17:03'
System info: host: 'CSMBHUL251', ip: '10.0.75.1', os.name: 'Windows 10', os.arch: 'amd64', os.version: '10.0', java.version: '1.8.0_181'
Driver info: org.openqa.selenium.chrome.ChromeDriver
Capabilities {acceptInsecureCerts: false, browserName: chrome, browserVersion: 83.0.4103.116, chrome: {chromedriverVersion: 83.0.4103.39 (ccbf011cb2d2b..., userDataDir: C:\Users\SATYAR~1.M\AppData...}, goog:chromeOptions: {debuggerAddress: localhost:51205}, javascriptEnabled: true, networkConnectionEnabled: false, pageLoadStrategy: normal, platform: WINDOWS, platformName: WINDOWS, proxy: Proxy(), setWindowRect: true, strictFileInteractability: false, timeouts: {implicit: 0, pageLoad: 300000, script: 30000}, unhandledPromptBehavior: dismiss and notify, webauthn:virtualAuthenticators: true}
Session ID: b92aa61867f675b2767347dbea06d31e
*** Element info: {Using=id, value=popup_message}
at org.openqa.selenium.remote.http.W3CHttpResponseCodec.decode(W3CHttpResponseCodec.java:120)
at org.openqa.selenium.remote.http.W3CHttpResponseCodec.decode(W3CHttpResponseCodec.java:49)
at org.openqa.selenium.remote.HttpCommandExecutor.execute(HttpCommandExecutor.java:158)
at org.openqa.selenium.remote.service.DriverCommandExecutor.execute(DriverCommandExecutor.java:83)
at org.openqa.selenium.remote.RemoteWebDriver.execute(RemoteWebDriver.java:552)
at org.openqa.selenium.remote.RemoteWebDriver.findElement(RemoteWebDriver.java:323)
at org.openqa.selenium.remote.RemoteWebDriver.findElementById(RemoteWebDriver.java:372)
at org.openqa.selenium.By$ById.findElement(By.java:188)
at org.openqa.selenium.remote.RemoteWebDriver.findElement(RemoteWebDriver.java:315)
at Genericlib.CommonFunction.grtpopup(CommonFunction.java:109)
at FieldText.VerifySpecialChar.SpecialCharNotAllowMiddlePlaceForAadharNumber(VerifySpecialChar.java:571)
at java.util.ArrayList.forEach(Unknown Source)
... Removed 27 stack frames]]>
    </failure>
  </testcase> <!-- SpecialCharNotAllowMiddlePlaceForAadharNumber -->
  <testcase name="SpecialCharNotAllowInitialPlaceForMobileNo" time="3.245" classname="FieldText.VerifySpecialChar"/>
  <testcase name="SpecialCharNotAllowLastPlaceForMobileNo" time="3.366" classname="FieldText.VerifySpecialChar"/>
  <testcase name="SpecialCharNotAllowMiddlePlaceForMobileNo" time="3.368" classname="FieldText.VerifySpecialChar"/>
  <testcase name="SpecialCharNotAllowInitialPlaceForPinCode" time="3.364" classname="FieldText.VerifySpecialChar"/>
  <testcase name="SpecialCharNotAllowLastPlaceForPinCode" time="3.284" classname="FieldText.VerifySpecialChar"/>
  <testcase name="SpecialCharNotAllowMiddlePlaceForPinCode" time="3.216" classname="FieldText.VerifySpecialChar"/>
  <testcase name="SpecialCharNotAllowInitialPlaceForAreaCode" time="3.125" classname="FieldText.VerifySpecialChar"/>
  <testcase name="SpecialCharNotAllowLastPlaceForAreaCode" time="3.122" classname="FieldText.VerifySpecialChar"/>
  <testcase name="SpecialCharNotAllowMiddlePlaceForAreaCode" time="3.153" classname="FieldText.VerifySpecialChar"/>
  <testcase name="SpecialCharNotAllowInitialPlaceForPhoneNo" time="3.173" classname="FieldText.VerifySpecialChar"/>
  <testcase name="SpecialCharNotAllowLastPlaceForPhoneNo" time="3.121" classname="FieldText.VerifySpecialChar"/>
  <testcase name="SpecialCharNotAllowMiddlePlaceForPhoneNo" time="3.262" classname="FieldText.VerifySpecialChar"/>
  <testcase name="SpecialCharNotAllowInitialPlaceForMaximumMark" time="3.098" classname="FieldText.VerifySpecialChar"/>
  <testcase name="SpecialCharNotAllowLastPlaceForMaximumMark" time="3.122" classname="FieldText.VerifySpecialChar"/>
  <testcase name="SpecialCharNotAllowMiddlePlaceForMaximumMark" time="2.948" classname="FieldText.VerifySpecialChar"/>
  <testcase name="SpecialCharNotAllowInitialPlaceForSecuredMark" time="3.014" classname="FieldText.VerifySpecialChar"/>
  <testcase name="SpecialCharNotAllowLastPlaceForSecuredMark" time="2.946" classname="FieldText.VerifySpecialChar"/>
  <testcase name="SpecialCharNotAllowMiddlePlaceForSecuredMark" time="2.895" classname="FieldText.VerifySpecialChar"/>
  <testcase name="SpecialCharNotAllowInitialPlaceForEnglish" time="3.013" classname="FieldText.VerifySpecialChar"/>
  <testcase name="SpecialCharNotAllowLastPlaceForEnglish" time="3.077" classname="FieldText.VerifySpecialChar"/>
  <testcase name="SpecialCharNotAllowMiddlePlaceForEnglish" time="2.878" classname="FieldText.VerifySpecialChar"/>
  <testcase name="SpecialCharNotAllowInitialPlaceForMath" time="2.917" classname="FieldText.VerifySpecialChar"/>
  <testcase name="SpecialCharNotAllowLastPlaceForMath" time="2.969" classname="FieldText.VerifySpecialChar"/>
  <testcase name="SpecialCharNotAllowMiddlePlaceForMath" time="2.961" classname="FieldText.VerifySpecialChar"/>
  <testcase name="SpecialCharNotAllowInitialPlaceForScience" time="2.968" classname="FieldText.VerifySpecialChar"/>
  <testcase name="SpecialCharNotAllowLastPlaceForScience" time="3.001" classname="FieldText.VerifySpecialChar"/>
  <testcase name="SpecialCharNotAllowMiddlePlaceForScience" time="2.898" classname="FieldText.VerifySpecialChar"/>
  <testcase name="SpecialCharNotAllowInitialPlaceForSocialScience" time="2.946" classname="FieldText.VerifySpecialChar"/>
  <testcase name="SpecialCharNotAllowLastPlaceForSocialScience" time="3.0" classname="FieldText.VerifySpecialChar"/>
  <testcase name="SpecialCharNotAllowMiddlePlaceForSocialScience" time="2.869" classname="FieldText.VerifySpecialChar"/>
  <testcase name="SpecialCharNotAllowInitialPlaceForAccountNumber" time="4.392" classname="FieldText.VerifySpecialChar"/>
  <testcase name="SpecialCharNotAllowLastPlaceForAccountNumber" time="9.37" classname="FieldText.VerifySpecialChar"/>
  <testcase name="SpecialCharNotAllowMiddlePlaceForAccountNumber" time="9.306" classname="FieldText.VerifySpecialChar"/>
  <testcase name="SpecialCharNotAllowInitialPlaceForIFSCCode" time="9.62" classname="FieldText.VerifySpecialChar"/>
  <testcase name="SpecialCharNotAllowLastPlaceForIFSCCode" time="9.599" classname="FieldText.VerifySpecialChar"/>
  <testcase name="SpecialCharNotAllowMiddlePlaceForIFSCCode" time="9.594" classname="FieldText.VerifySpecialChar"/>
  <testcase name="SpecialCharNotAllowInitialPlaceForMICRCode" time="9.277" classname="FieldText.VerifySpecialChar"/>
  <testcase name="SpecialCharNotAllowLastPlaceForMICRCode" time="9.085" classname="FieldText.VerifySpecialChar"/>
  <testcase name="SpecialCharNotAllowMiddlePlaceForMICRCode" time="9.079" classname="FieldText.VerifySpecialChar"/>
  <testcase name="SpecialCharNotAllowInitialPlaceForBankName" time="9.9" classname="FieldText.VerifySpecialChar"/>
  <testcase name="SpecialCharNotAllowLastPlaceForBankName" time="9.74" classname="FieldText.VerifySpecialChar"/>
  <testcase name="SpecialCharNotAllowMiddlePlaceForBankName" time="9.931" classname="FieldText.VerifySpecialChar"/>
  <testcase name="SpecialCharNotAllowInitialPlaceForBranchName" time="9.885" classname="FieldText.VerifySpecialChar"/>
  <testcase name="SpecialCharNotAllowLastPlaceForBranchName" time="9.886" classname="FieldText.VerifySpecialChar"/>
  <testcase name="SpecialCharNotAllowMiddlePlaceForBranchName" time="10.142" classname="FieldText.VerifySpecialChar"/>
  <testcase name="SpecialCharNotAllowInitialPlaceForSchoolName" time="10.131" classname="FieldText.VerifySpecialChar"/>
  <testcase name="SpecialCharNotAllowLastPlaceForSchoolName" time="10.575" classname="FieldText.VerifySpecialChar"/>
  <testcase name="SpecialCharNotAllowMiddlePlaceForSchoolName" time="10.813" classname="FieldText.VerifySpecialChar"/>
  <testcase name="SpecialCharNotAllowInitialPlaceForSchoolLocation" time="9.985" classname="FieldText.VerifySpecialChar"/>
  <testcase name="SpecialCharNotAllowLastPlaceForSchoolLocation" time="10.191" classname="FieldText.VerifySpecialChar"/>
  <testcase name="SpecialCharNotAllowMiddlePlaceForSchoolLocation" time="10.398" classname="FieldText.VerifySpecialChar"/>
  <testcase name="SpecialCharNotAllowInitialPlaceForFailMark" time="10.265" classname="FieldText.VerifySpecialChar"/>
  <testcase name="SpecialCharNotAllowLastPlaceForFailMark" time="10.124" classname="FieldText.VerifySpecialChar"/>
  <testcase name="SpecialCharNotAllowMiddlePlaceForFailMark" time="10.154" classname="FieldText.VerifySpecialChar"/>
  <testcase name="SpecialCharNotAllowInitialPlaceForPassMark" time="10.207" classname="FieldText.VerifySpecialChar"/>
  <testcase name="SpecialCharNotAllowLastPlaceForPassMark" time="10.27" classname="FieldText.VerifySpecialChar"/>
  <testcase name="SpecialCharNotAllowMiddlePlaceForPassMark" time="10.233" classname="FieldText.VerifySpecialChar"/>
</testsuite> <!-- Test2 -->
