<?xml version="1.0" encoding="UTF-8"?>
<!-- Generated by org.testng.reporters.JUnitXMLReporter -->
<testsuite hostname="CSMBHUL251" ignored="0" name="Test3" tests="69" failures="3" timestamp="2020-07-14T11:18:29 IST" time="413.997" errors="0">
  <testcase name="SqlCharNotAllowInitialPlaceForApplicantName" time="36.479" classname="FieldText.VerifySqlChar"/>
  <testcase name="SqlCharNotAllowLastPlaceForApplicantName" time="3.135" classname="FieldText.VerifySqlChar"/>
  <testcase name="SqlCharNotAllowMiddlePlaceForApplicantName" time="3.101" classname="FieldText.VerifySqlChar"/>
  <testcase name="SqlCharNotAllowInitialPlaceForFatherName" time="3.201" classname="FieldText.VerifySqlChar"/>
  <testcase name="SqlCharNotAllowLastPlaceForFatherName" time="3.244" classname="FieldText.VerifySqlChar"/>
  <testcase name="SqlCharNotAllowMiddlePlaceForFatherName" time="3.387" classname="FieldText.VerifySqlChar"/>
  <testcase name="SqlCharNotAllowInitialPlaceForMotherName" time="3.128" classname="FieldText.VerifySqlChar"/>
  <testcase name="SqlCharNotAllowLastPlaceForMotherName" time="3.114" classname="FieldText.VerifySqlChar"/>
  <testcase name="SqlCharNotAllowMiddlePlaceForMotherName" time="3.219" classname="FieldText.VerifySqlChar"/>
  <testcase name="SqlCharNotAllowInitialPlaceForAadharNumber" time="1.509" classname="FieldText.VerifySqlChar">
    <failure type="java.lang.NullPointerException">
      <![CDATA[java.lang.NullPointerException
at FieldText.VerifySqlChar.SqlCharNotAllowInitialPlaceForAadharNumber(VerifySqlChar.java:482)
at java.util.ArrayList.forEach(Unknown Source)
... Removed 27 stack frames]]>
    </failure>
  </testcase> <!-- SqlCharNotAllowInitialPlaceForAadharNumber -->
  <testcase name="SqlCharNotAllowLastPlaceForAadharNumber" time="0.31" classname="FieldText.VerifySqlChar">
    <failure type="org.openqa.selenium.UnhandledAlertException" message="unexpected alert open: {Alert text : Invalid Aadhaar number}
  (Session info: chrome=83.0.4103.116): Invalid Aadhaar number
Build info: version: &amp;apos;3.141.59&amp;apos;, revision: &amp;apos;e82be7d358&amp;apos;, time: &amp;apos;2018-11-14T08:17:03&amp;apos;
System info: host: &amp;apos;CSMBHUL251&amp;apos;, ip: &amp;apos;10.0.75.1&amp;apos;, os.name: &amp;apos;Windows 10&amp;apos;, os.arch: &amp;apos;amd64&amp;apos;, os.version: &amp;apos;10.0&amp;apos;, java.version: &amp;apos;1.8.0_181&amp;apos;
Driver info: org.openqa.selenium.chrome.ChromeDriver
Capabilities {acceptInsecureCerts: false, browserName: chrome, browserVersion: 83.0.4103.116, chrome: {chromedriverVersion: 83.0.4103.39 (ccbf011cb2d2b..., userDataDir: C:\Users\SATYAR~1.M\AppData...}, goog:chromeOptions: {debuggerAddress: localhost:51655}, javascriptEnabled: true, networkConnectionEnabled: false, pageLoadStrategy: normal, platform: WINDOWS, platformName: WINDOWS, proxy: Proxy(), setWindowRect: true, strictFileInteractability: false, timeouts: {implicit: 0, pageLoad: 300000, script: 30000}, unhandledPromptBehavior: dismiss and notify, webauthn:virtualAuthenticators: true}
Session ID: df0053a2797726f8e18222d062f904c7
*** Element info: {Using=id, value=txtadhar}">
      <![CDATA[org.openqa.selenium.UnhandledAlertException: unexpected alert open: {Alert text : Invalid Aadhaar number}
  (Session info: chrome=83.0.4103.116): Invalid Aadhaar number
Build info: version: '3.141.59', revision: 'e82be7d358', time: '2018-11-14T08:17:03'
System info: host: 'CSMBHUL251', ip: '10.0.75.1', os.name: 'Windows 10', os.arch: 'amd64', os.version: '10.0', java.version: '1.8.0_181'
Driver info: org.openqa.selenium.chrome.ChromeDriver
Capabilities {acceptInsecureCerts: false, browserName: chrome, browserVersion: 83.0.4103.116, chrome: {chromedriverVersion: 83.0.4103.39 (ccbf011cb2d2b..., userDataDir: C:\Users\SATYAR~1.M\AppData...}, goog:chromeOptions: {debuggerAddress: localhost:51655}, javascriptEnabled: true, networkConnectionEnabled: false, pageLoadStrategy: normal, platform: WINDOWS, platformName: WINDOWS, proxy: Proxy(), setWindowRect: true, strictFileInteractability: false, timeouts: {implicit: 0, pageLoad: 300000, script: 30000}, unhandledPromptBehavior: dismiss and notify, webauthn:virtualAuthenticators: true}
Session ID: df0053a2797726f8e18222d062f904c7
*** Element info: {Using=id, value=txtadhar}
at org.openqa.selenium.remote.http.W3CHttpResponseCodec.decode(W3CHttpResponseCodec.java:120)
at org.openqa.selenium.remote.http.W3CHttpResponseCodec.decode(W3CHttpResponseCodec.java:49)
at org.openqa.selenium.remote.HttpCommandExecutor.execute(HttpCommandExecutor.java:158)
at org.openqa.selenium.remote.service.DriverCommandExecutor.execute(DriverCommandExecutor.java:83)
at org.openqa.selenium.remote.RemoteWebDriver.execute(RemoteWebDriver.java:552)
at org.openqa.selenium.remote.RemoteWebDriver.findElement(RemoteWebDriver.java:323)
at org.openqa.selenium.remote.RemoteWebDriver.findElementById(RemoteWebDriver.java:372)
at org.openqa.selenium.By$ById.findElement(By.java:188)
at org.openqa.selenium.remote.RemoteWebDriver.findElement(RemoteWebDriver.java:315)
at Genericlib.CommonFunction.enterText(CommonFunction.java:98)
at FieldText.VerifySqlChar.SqlCharNotAllowLastPlaceForAadharNumber(VerifySqlChar.java:523)
at java.util.ArrayList.forEach(Unknown Source)
... Removed 27 stack frames]]>
    </failure>
  </testcase> <!-- SqlCharNotAllowLastPlaceForAadharNumber -->
  <testcase name="SqlCharNotAllowMiddlePlaceForAadharNumber" time="1.705" classname="FieldText.VerifySqlChar">
    <failure type="org.openqa.selenium.UnhandledAlertException" message="unexpected alert open: {Alert text : Invalid Aadhaar number}
  (Session info: chrome=83.0.4103.116): Invalid Aadhaar number
Build info: version: &amp;apos;3.141.59&amp;apos;, revision: &amp;apos;e82be7d358&amp;apos;, time: &amp;apos;2018-11-14T08:17:03&amp;apos;
System info: host: &amp;apos;CSMBHUL251&amp;apos;, ip: &amp;apos;10.0.75.1&amp;apos;, os.name: &amp;apos;Windows 10&amp;apos;, os.arch: &amp;apos;amd64&amp;apos;, os.version: &amp;apos;10.0&amp;apos;, java.version: &amp;apos;1.8.0_181&amp;apos;
Driver info: org.openqa.selenium.chrome.ChromeDriver
Capabilities {acceptInsecureCerts: false, browserName: chrome, browserVersion: 83.0.4103.116, chrome: {chromedriverVersion: 83.0.4103.39 (ccbf011cb2d2b..., userDataDir: C:\Users\SATYAR~1.M\AppData...}, goog:chromeOptions: {debuggerAddress: localhost:51655}, javascriptEnabled: true, networkConnectionEnabled: false, pageLoadStrategy: normal, platform: WINDOWS, platformName: WINDOWS, proxy: Proxy(), setWindowRect: true, strictFileInteractability: false, timeouts: {implicit: 0, pageLoad: 300000, script: 30000}, unhandledPromptBehavior: dismiss and notify, webauthn:virtualAuthenticators: true}
Session ID: df0053a2797726f8e18222d062f904c7
*** Element info: {Using=id, value=popup_message}">
      <![CDATA[org.openqa.selenium.UnhandledAlertException: unexpected alert open: {Alert text : Invalid Aadhaar number}
  (Session info: chrome=83.0.4103.116): Invalid Aadhaar number
Build info: version: '3.141.59', revision: 'e82be7d358', time: '2018-11-14T08:17:03'
System info: host: 'CSMBHUL251', ip: '10.0.75.1', os.name: 'Windows 10', os.arch: 'amd64', os.version: '10.0', java.version: '1.8.0_181'
Driver info: org.openqa.selenium.chrome.ChromeDriver
Capabilities {acceptInsecureCerts: false, browserName: chrome, browserVersion: 83.0.4103.116, chrome: {chromedriverVersion: 83.0.4103.39 (ccbf011cb2d2b..., userDataDir: C:\Users\SATYAR~1.M\AppData...}, goog:chromeOptions: {debuggerAddress: localhost:51655}, javascriptEnabled: true, networkConnectionEnabled: false, pageLoadStrategy: normal, platform: WINDOWS, platformName: WINDOWS, proxy: Proxy(), setWindowRect: true, strictFileInteractability: false, timeouts: {implicit: 0, pageLoad: 300000, script: 30000}, unhandledPromptBehavior: dismiss and notify, webauthn:virtualAuthenticators: true}
Session ID: df0053a2797726f8e18222d062f904c7
*** Element info: {Using=id, value=popup_message}
at org.openqa.selenium.remote.http.W3CHttpResponseCodec.decode(W3CHttpResponseCodec.java:120)
at org.openqa.selenium.remote.http.W3CHttpResponseCodec.decode(W3CHttpResponseCodec.java:49)
at org.openqa.selenium.remote.HttpCommandExecutor.execute(HttpCommandExecutor.java:158)
at org.openqa.selenium.remote.service.DriverCommandExecutor.execute(DriverCommandExecutor.java:83)
at org.openqa.selenium.remote.RemoteWebDriver.execute(RemoteWebDriver.java:552)
at org.openqa.selenium.remote.RemoteWebDriver.findElement(RemoteWebDriver.java:323)
at org.openqa.selenium.remote.RemoteWebDriver.findElementById(RemoteWebDriver.java:372)
at org.openqa.selenium.By$ById.findElement(By.java:188)
at org.openqa.selenium.remote.RemoteWebDriver.findElement(RemoteWebDriver.java:315)
at Genericlib.CommonFunction.grtpopup(CommonFunction.java:109)
at FieldText.VerifySqlChar.SqlCharNotAllowMiddlePlaceForAadharNumber(VerifySqlChar.java:570)
at java.util.ArrayList.forEach(Unknown Source)
... Removed 27 stack frames]]>
    </failure>
  </testcase> <!-- SqlCharNotAllowMiddlePlaceForAadharNumber -->
  <testcase name="SqlCharNotAllowInitialPlaceForMobileNo" time="3.245" classname="FieldText.VerifySqlChar"/>
  <testcase name="SqlCharNotAllowLastPlaceForMobileNo" time="3.086" classname="FieldText.VerifySqlChar"/>
  <testcase name="SqlCharNotAllowMiddlePlaceForMobileNo" time="3.079" classname="FieldText.VerifySqlChar"/>
  <testcase name="SqlCharNotAllowInitialPlaceForPinCode" time="3.243" classname="FieldText.VerifySqlChar"/>
  <testcase name="SqlCharNotAllowLastPlaceForPinCode" time="3.062" classname="FieldText.VerifySqlChar"/>
  <testcase name="SqlCharNotAllowMiddlePlaceForPinCode" time="3.005" classname="FieldText.VerifySqlChar"/>
  <testcase name="SqlCharNotAllowInitialPlaceForAreaCode" time="3.185" classname="FieldText.VerifySqlChar"/>
  <testcase name="SqlCharNotAllowLastPlaceForAreaCode" time="3.026" classname="FieldText.VerifySqlChar"/>
  <testcase name="SqlCharNotAllowMiddlePlaceForAreaCode" time="3.014" classname="FieldText.VerifySqlChar"/>
  <testcase name="SqlCharNotAllowInitialPlaceForPhoneNo" time="3.089" classname="FieldText.VerifySqlChar"/>
  <testcase name="SqlCharNotAllowLastPlaceForPhoneNo" time="3.037" classname="FieldText.VerifySqlChar"/>
  <testcase name="SqlCharNotAllowMiddlePlaceForPhoneNo" time="3.035" classname="FieldText.VerifySqlChar"/>
  <testcase name="SqlCharNotAllowInitialPlaceForMaximumMark" time="3.069" classname="FieldText.VerifySqlChar"/>
  <testcase name="SqlCharNotAllowLastPlaceForMaximumMark" time="3.035" classname="FieldText.VerifySqlChar"/>
  <testcase name="SqlCharNotAllowMiddlePlaceForMaximumMark" time="2.854" classname="FieldText.VerifySqlChar"/>
  <testcase name="SqlCharNotAllowInitialPlaceForSecuredMark" time="2.958" classname="FieldText.VerifySqlChar"/>
  <testcase name="SqlCharNotAllowLastPlaceForSecuredMark" time="3.025" classname="FieldText.VerifySqlChar"/>
  <testcase name="SqlCharNotAllowMiddlePlaceForSecuredMark" time="2.906" classname="FieldText.VerifySqlChar"/>
  <testcase name="SqlCharNotAllowInitialPlaceForEnglish" time="2.997" classname="FieldText.VerifySqlChar"/>
  <testcase name="SqlCharNotAllowLastPlaceForEnglish" time="2.958" classname="FieldText.VerifySqlChar"/>
  <testcase name="SqlCharNotAllowMiddlePlaceForEnglish" time="2.942" classname="FieldText.VerifySqlChar"/>
  <testcase name="SqlCharNotAllowInitialPlaceForMath" time="2.983" classname="FieldText.VerifySqlChar"/>
  <testcase name="SqlCharNotAllowLastPlaceForMath" time="3.07" classname="FieldText.VerifySqlChar"/>
  <testcase name="SqlCharNotAllowMiddlePlaceForMath" time="2.868" classname="FieldText.VerifySqlChar"/>
  <testcase name="SqlCharNotAllowInitialPlaceForScience" time="3.062" classname="FieldText.VerifySqlChar"/>
  <testcase name="SqlCharNotAllowLastPlaceForScience" time="2.938" classname="FieldText.VerifySqlChar"/>
  <testcase name="SqlCharNotAllowMiddlePlaceForScience" time="2.868" classname="FieldText.VerifySqlChar"/>
  <testcase name="SqlCharNotAllowInitialPlaceForSocialScience" time="3.006" classname="FieldText.VerifySqlChar"/>
  <testcase name="SqlCharNotAllowLastPlaceForSocialScience" time="2.965" classname="FieldText.VerifySqlChar"/>
  <testcase name="SqlCharNotAllowMiddlePlaceForSocialScience" time="2.879" classname="FieldText.VerifySqlChar"/>
  <testcase name="SqlCharNotAllowInitialPlaceForAccountNumber" time="3.842" classname="FieldText.VerifySqlChar"/>
  <testcase name="SqlCharNotAllowLastPlaceForAccountNumber" time="9.293" classname="FieldText.VerifySqlChar"/>
  <testcase name="SqlCharNotAllowMiddlePlaceForAccountNumber" time="9.249" classname="FieldText.VerifySqlChar"/>
  <testcase name="SqlCharNotAllowInitialPlaceForIFSCCode" time="9.365" classname="FieldText.VerifySqlChar"/>
  <testcase name="SqlCharNotAllowLastPlaceForIFSCCode" time="9.538" classname="FieldText.VerifySqlChar"/>
  <testcase name="SqlCharNotAllowMiddlePlaceForIFSCCode" time="9.615" classname="FieldText.VerifySqlChar"/>
  <testcase name="SqlCharNotAllowInitialPlaceForMICRCode" time="9.108" classname="FieldText.VerifySqlChar"/>
  <testcase name="SqlCharNotAllowLastPlaceForMICRCode" time="9.132" classname="FieldText.VerifySqlChar"/>
  <testcase name="SqlCharNotAllowMiddlePlaceForMICRCode" time="8.941" classname="FieldText.VerifySqlChar"/>
  <testcase name="SqlCharNotAllowInitialPlaceForBankName" time="9.811" classname="FieldText.VerifySqlChar"/>
  <testcase name="SqlCharNotAllowLastPlaceForBankName" time="9.82" classname="FieldText.VerifySqlChar"/>
  <testcase name="SqlCharNotAllowMiddlePlaceForBankName" time="9.985" classname="FieldText.VerifySqlChar"/>
  <testcase name="SqlCharNotAllowInitialPlaceForBranchName" time="9.805" classname="FieldText.VerifySqlChar"/>
  <testcase name="SqlCharNotAllowLastPlaceForBranchName" time="9.78" classname="FieldText.VerifySqlChar"/>
  <testcase name="SqlCharNotAllowMiddlePlaceForBranchName" time="9.964" classname="FieldText.VerifySqlChar"/>
  <testcase name="SqlCharNotAllowInitialPlaceForSchoolName" time="9.86" classname="FieldText.VerifySqlChar"/>
  <testcase name="SqlCharNotAllowLastPlaceForSchoolName" time="9.821" classname="FieldText.VerifySqlChar"/>
  <testcase name="SqlCharNotAllowMiddlePlaceForSchoolName" time="9.945" classname="FieldText.VerifySqlChar"/>
  <testcase name="SqlCharNotAllowInitialPlaceForSchoolLocation" time="9.837" classname="FieldText.VerifySqlChar"/>
  <testcase name="SqlCharNotAllowLastPlaceForSchoolLocation" time="9.764" classname="FieldText.VerifySqlChar"/>
  <testcase name="SqlCharNotAllowMiddlePlaceForSchoolLocation" time="9.97" classname="FieldText.VerifySqlChar"/>
  <testcase name="SqlCharNotAllowInitialPlaceForFailMark" time="10.298" classname="FieldText.VerifySqlChar"/>
  <testcase name="SqlCharNotAllowLastPlaceForFailMark" time="10.219" classname="FieldText.VerifySqlChar"/>
  <testcase name="SqlCharNotAllowMiddlePlaceForFailMark" time="10.265" classname="FieldText.VerifySqlChar"/>
  <testcase name="SqlCharNotAllowInitialPlaceForPassMark" time="10.177" classname="FieldText.VerifySqlChar"/>
  <testcase name="SqlCharNotAllowLastPlaceForPassMark" time="10.224" classname="FieldText.VerifySqlChar"/>
  <testcase name="SqlCharNotAllowMiddlePlaceForPassMark" time="10.163" classname="FieldText.VerifySqlChar"/>
</testsuite> <!-- Test3 -->
