<?xml version="1.0" encoding="UTF-8"?>
<!-- Generated by org.testng.reporters.JUnitXMLReporter -->
<testsuite hostname="CSMBHUL251" ignored="0" name="Uniqueelectivesubject" tests="3" failures="0" timestamp="2020-07-02T09:41:15 IST" time="79.465" errors="0">
  <testcase name="Accept_Uniqueelectivesubject" time="52.35" classname="com.minimizedScenariosExtentReport.Uniqueelectivesubject"/>
  <testcase name="Accept_Uniqueforthelectivesubject" time="0.395" classname="com.minimizedScenariosExtentReport.Uniqueelectivesubject"/>
  <testcase name="Verify_Accepting_Duplicate_10thdata" time="1.948" classname="com.minimizedScenariosExtentReport.Uniqueelectivesubject"/>
</testsuite> <!-- Uniqueelectivesubject -->
