<?xml version="1.0" encoding="UTF-8"?>
<!-- Generated by org.testng.reporters.JUnitXMLReporter -->
<testsuite hostname="CSMBHUL251" ignored="0" name="VerifySpecialChar" tests="69" failures="3" timestamp="2020-07-14T18:05:10 IST" time="418.798" errors="0">
  <testcase name="SpecialCharNotAllowInitialPlaceForApplicantName" time="35.63" classname="FieldText.VerifySpecialChar"/>
  <testcase name="SpecialCharNotAllowLastPlaceForApplicantName" time="3.316" classname="FieldText.VerifySpecialChar"/>
  <testcase name="SpecialCharNotAllowMiddlePlaceForApplicantName" time="3.481" classname="FieldText.VerifySpecialChar"/>
  <testcase name="SpecialCharNotAllowInitialPlaceForFatherName" time="3.286" classname="FieldText.VerifySpecialChar"/>
  <testcase name="SpecialCharNotAllowLastPlaceForFatherName" time="3.315" classname="FieldText.VerifySpecialChar"/>
  <testcase name="SpecialCharNotAllowMiddlePlaceForFatherName" time="3.483" classname="FieldText.VerifySpecialChar"/>
  <testcase name="SpecialCharNotAllowInitialPlaceForMotherName" time="3.318" classname="FieldText.VerifySpecialChar"/>
  <testcase name="SpecialCharNotAllowLastPlaceForMotherName" time="3.367" classname="FieldText.VerifySpecialChar"/>
  <testcase name="SpecialCharNotAllowMiddlePlaceForMotherName" time="3.414" classname="FieldText.VerifySpecialChar"/>
  <testcase name="SpecialCharNotAllowInitialPlaceForAadharNumber" time="1.569" classname="FieldText.VerifySpecialChar">
    <failure type="java.lang.NullPointerException">
      <![CDATA[java.lang.NullPointerException
at FieldText.VerifySpecialChar.SpecialCharNotAllowInitialPlaceForAadharNumber(VerifySpecialChar.java:483)
at java.util.ArrayList.forEach(Unknown Source)
... Removed 27 stack frames]]>
    </failure>
  </testcase> <!-- SpecialCharNotAllowInitialPlaceForAadharNumber -->
  <testcase name="SpecialCharNotAllowLastPlaceForAadharNumber" time="0.307" classname="FieldText.VerifySpecialChar">
    <failure type="org.openqa.selenium.UnhandledAlertException" message="unexpected alert open: {Alert text : Invalid Aadhaar number}
  (Session info: chrome=83.0.4103.116): Invalid Aadhaar number
Build info: version: &amp;apos;3.141.59&amp;apos;, revision: &amp;apos;e82be7d358&amp;apos;, time: &amp;apos;2018-11-14T08:17:03&amp;apos;
System info: host: &amp;apos;CSMBHUL251&amp;apos;, ip: &amp;apos;10.0.75.1&amp;apos;, os.name: &amp;apos;Windows 10&amp;apos;, os.arch: &amp;apos;amd64&amp;apos;, os.version: &amp;apos;10.0&amp;apos;, java.version: &amp;apos;1.8.0_181&amp;apos;
Driver info: org.openqa.selenium.chrome.ChromeDriver
Capabilities {acceptInsecureCerts: false, browserName: chrome, browserVersion: 83.0.4103.116, chrome: {chromedriverVersion: 83.0.4103.39 (ccbf011cb2d2b..., userDataDir: C:\Users\SATYAR~1.M\AppData...}, goog:chromeOptions: {debuggerAddress: localhost:54425}, javascriptEnabled: true, networkConnectionEnabled: false, pageLoadStrategy: normal, platform: WINDOWS, platformName: WINDOWS, proxy: Proxy(), setWindowRect: true, strictFileInteractability: false, timeouts: {implicit: 0, pageLoad: 300000, script: 30000}, unhandledPromptBehavior: dismiss and notify, webauthn:virtualAuthenticators: true}
Session ID: 115bf31c765e0abcaadcf2ce852f00d2
*** Element info: {Using=id, value=txtadhar}">
      <![CDATA[org.openqa.selenium.UnhandledAlertException: unexpected alert open: {Alert text : Invalid Aadhaar number}
  (Session info: chrome=83.0.4103.116): Invalid Aadhaar number
Build info: version: '3.141.59', revision: 'e82be7d358', time: '2018-11-14T08:17:03'
System info: host: 'CSMBHUL251', ip: '10.0.75.1', os.name: 'Windows 10', os.arch: 'amd64', os.version: '10.0', java.version: '1.8.0_181'
Driver info: org.openqa.selenium.chrome.ChromeDriver
Capabilities {acceptInsecureCerts: false, browserName: chrome, browserVersion: 83.0.4103.116, chrome: {chromedriverVersion: 83.0.4103.39 (ccbf011cb2d2b..., userDataDir: C:\Users\SATYAR~1.M\AppData...}, goog:chromeOptions: {debuggerAddress: localhost:54425}, javascriptEnabled: true, networkConnectionEnabled: false, pageLoadStrategy: normal, platform: WINDOWS, platformName: WINDOWS, proxy: Proxy(), setWindowRect: true, strictFileInteractability: false, timeouts: {implicit: 0, pageLoad: 300000, script: 30000}, unhandledPromptBehavior: dismiss and notify, webauthn:virtualAuthenticators: true}
Session ID: 115bf31c765e0abcaadcf2ce852f00d2
*** Element info: {Using=id, value=txtadhar}
at org.openqa.selenium.remote.http.W3CHttpResponseCodec.decode(W3CHttpResponseCodec.java:120)
at org.openqa.selenium.remote.http.W3CHttpResponseCodec.decode(W3CHttpResponseCodec.java:49)
at org.openqa.selenium.remote.HttpCommandExecutor.execute(HttpCommandExecutor.java:158)
at org.openqa.selenium.remote.service.DriverCommandExecutor.execute(DriverCommandExecutor.java:83)
at org.openqa.selenium.remote.RemoteWebDriver.execute(RemoteWebDriver.java:552)
at org.openqa.selenium.remote.RemoteWebDriver.findElement(RemoteWebDriver.java:323)
at org.openqa.selenium.remote.RemoteWebDriver.findElementById(RemoteWebDriver.java:372)
at org.openqa.selenium.By$ById.findElement(By.java:188)
at org.openqa.selenium.remote.RemoteWebDriver.findElement(RemoteWebDriver.java:315)
at Genericlib.CommonFunction.enterText(CommonFunction.java:98)
at FieldText.VerifySpecialChar.SpecialCharNotAllowLastPlaceForAadharNumber(VerifySpecialChar.java:524)
at java.util.ArrayList.forEach(Unknown Source)
... Removed 27 stack frames]]>
    </failure>
  </testcase> <!-- SpecialCharNotAllowLastPlaceForAadharNumber -->
  <testcase name="SpecialCharNotAllowMiddlePlaceForAadharNumber" time="1.667" classname="FieldText.VerifySpecialChar">
    <failure type="org.openqa.selenium.UnhandledAlertException" message="unexpected alert open: {Alert text : Invalid Aadhaar number}
  (Session info: chrome=83.0.4103.116): Invalid Aadhaar number
Build info: version: &amp;apos;3.141.59&amp;apos;, revision: &amp;apos;e82be7d358&amp;apos;, time: &amp;apos;2018-11-14T08:17:03&amp;apos;
System info: host: &amp;apos;CSMBHUL251&amp;apos;, ip: &amp;apos;10.0.75.1&amp;apos;, os.name: &amp;apos;Windows 10&amp;apos;, os.arch: &amp;apos;amd64&amp;apos;, os.version: &amp;apos;10.0&amp;apos;, java.version: &amp;apos;1.8.0_181&amp;apos;
Driver info: org.openqa.selenium.chrome.ChromeDriver
Capabilities {acceptInsecureCerts: false, browserName: chrome, browserVersion: 83.0.4103.116, chrome: {chromedriverVersion: 83.0.4103.39 (ccbf011cb2d2b..., userDataDir: C:\Users\SATYAR~1.M\AppData...}, goog:chromeOptions: {debuggerAddress: localhost:54425}, javascriptEnabled: true, networkConnectionEnabled: false, pageLoadStrategy: normal, platform: WINDOWS, platformName: WINDOWS, proxy: Proxy(), setWindowRect: true, strictFileInteractability: false, timeouts: {implicit: 0, pageLoad: 300000, script: 30000}, unhandledPromptBehavior: dismiss and notify, webauthn:virtualAuthenticators: true}
Session ID: 115bf31c765e0abcaadcf2ce852f00d2
*** Element info: {Using=id, value=popup_message}">
      <![CDATA[org.openqa.selenium.UnhandledAlertException: unexpected alert open: {Alert text : Invalid Aadhaar number}
  (Session info: chrome=83.0.4103.116): Invalid Aadhaar number
Build info: version: '3.141.59', revision: 'e82be7d358', time: '2018-11-14T08:17:03'
System info: host: 'CSMBHUL251', ip: '10.0.75.1', os.name: 'Windows 10', os.arch: 'amd64', os.version: '10.0', java.version: '1.8.0_181'
Driver info: org.openqa.selenium.chrome.ChromeDriver
Capabilities {acceptInsecureCerts: false, browserName: chrome, browserVersion: 83.0.4103.116, chrome: {chromedriverVersion: 83.0.4103.39 (ccbf011cb2d2b..., userDataDir: C:\Users\SATYAR~1.M\AppData...}, goog:chromeOptions: {debuggerAddress: localhost:54425}, javascriptEnabled: true, networkConnectionEnabled: false, pageLoadStrategy: normal, platform: WINDOWS, platformName: WINDOWS, proxy: Proxy(), setWindowRect: true, strictFileInteractability: false, timeouts: {implicit: 0, pageLoad: 300000, script: 30000}, unhandledPromptBehavior: dismiss and notify, webauthn:virtualAuthenticators: true}
Session ID: 115bf31c765e0abcaadcf2ce852f00d2
*** Element info: {Using=id, value=popup_message}
at org.openqa.selenium.remote.http.W3CHttpResponseCodec.decode(W3CHttpResponseCodec.java:120)
at org.openqa.selenium.remote.http.W3CHttpResponseCodec.decode(W3CHttpResponseCodec.java:49)
at org.openqa.selenium.remote.HttpCommandExecutor.execute(HttpCommandExecutor.java:158)
at org.openqa.selenium.remote.service.DriverCommandExecutor.execute(DriverCommandExecutor.java:83)
at org.openqa.selenium.remote.RemoteWebDriver.execute(RemoteWebDriver.java:552)
at org.openqa.selenium.remote.RemoteWebDriver.findElement(RemoteWebDriver.java:323)
at org.openqa.selenium.remote.RemoteWebDriver.findElementById(RemoteWebDriver.java:372)
at org.openqa.selenium.By$ById.findElement(By.java:188)
at org.openqa.selenium.remote.RemoteWebDriver.findElement(RemoteWebDriver.java:315)
at Genericlib.CommonFunction.grtpopup(CommonFunction.java:109)
at FieldText.VerifySpecialChar.SpecialCharNotAllowMiddlePlaceForAadharNumber(VerifySpecialChar.java:571)
at java.util.ArrayList.forEach(Unknown Source)
... Removed 27 stack frames]]>
    </failure>
  </testcase> <!-- SpecialCharNotAllowMiddlePlaceForAadharNumber -->
  <testcase name="SpecialCharNotAllowInitialPlaceForMobileNo" time="3.171" classname="FieldText.VerifySpecialChar"/>
  <testcase name="SpecialCharNotAllowLastPlaceForMobileNo" time="3.152" classname="FieldText.VerifySpecialChar"/>
  <testcase name="SpecialCharNotAllowMiddlePlaceForMobileNo" time="3.165" classname="FieldText.VerifySpecialChar"/>
  <testcase name="SpecialCharNotAllowInitialPlaceForPinCode" time="3.152" classname="FieldText.VerifySpecialChar"/>
  <testcase name="SpecialCharNotAllowLastPlaceForPinCode" time="3.133" classname="FieldText.VerifySpecialChar"/>
  <testcase name="SpecialCharNotAllowMiddlePlaceForPinCode" time="3.184" classname="FieldText.VerifySpecialChar"/>
  <testcase name="SpecialCharNotAllowInitialPlaceForAreaCode" time="3.114" classname="FieldText.VerifySpecialChar"/>
  <testcase name="SpecialCharNotAllowLastPlaceForAreaCode" time="3.116" classname="FieldText.VerifySpecialChar"/>
  <testcase name="SpecialCharNotAllowMiddlePlaceForAreaCode" time="3.149" classname="FieldText.VerifySpecialChar"/>
  <testcase name="SpecialCharNotAllowInitialPlaceForPhoneNo" time="3.151" classname="FieldText.VerifySpecialChar"/>
  <testcase name="SpecialCharNotAllowLastPlaceForPhoneNo" time="3.102" classname="FieldText.VerifySpecialChar"/>
  <testcase name="SpecialCharNotAllowMiddlePlaceForPhoneNo" time="3.227" classname="FieldText.VerifySpecialChar"/>
  <testcase name="SpecialCharNotAllowInitialPlaceForMaximumMark" time="3.048" classname="FieldText.VerifySpecialChar"/>
  <testcase name="SpecialCharNotAllowLastPlaceForMaximumMark" time="3.132" classname="FieldText.VerifySpecialChar"/>
  <testcase name="SpecialCharNotAllowMiddlePlaceForMaximumMark" time="2.882" classname="FieldText.VerifySpecialChar"/>
  <testcase name="SpecialCharNotAllowInitialPlaceForSecuredMark" time="3.031" classname="FieldText.VerifySpecialChar"/>
  <testcase name="SpecialCharNotAllowLastPlaceForSecuredMark" time="2.953" classname="FieldText.VerifySpecialChar"/>
  <testcase name="SpecialCharNotAllowMiddlePlaceForSecuredMark" time="2.932" classname="FieldText.VerifySpecialChar"/>
  <testcase name="SpecialCharNotAllowInitialPlaceForEnglish" time="2.964" classname="FieldText.VerifySpecialChar"/>
  <testcase name="SpecialCharNotAllowLastPlaceForEnglish" time="3.098" classname="FieldText.VerifySpecialChar"/>
  <testcase name="SpecialCharNotAllowMiddlePlaceForEnglish" time="2.934" classname="FieldText.VerifySpecialChar"/>
  <testcase name="SpecialCharNotAllowInitialPlaceForMath" time="3.037" classname="FieldText.VerifySpecialChar"/>
  <testcase name="SpecialCharNotAllowLastPlaceForMath" time="2.96" classname="FieldText.VerifySpecialChar"/>
  <testcase name="SpecialCharNotAllowMiddlePlaceForMath" time="2.884" classname="FieldText.VerifySpecialChar"/>
  <testcase name="SpecialCharNotAllowInitialPlaceForScience" time="2.982" classname="FieldText.VerifySpecialChar"/>
  <testcase name="SpecialCharNotAllowLastPlaceForScience" time="2.982" classname="FieldText.VerifySpecialChar"/>
  <testcase name="SpecialCharNotAllowMiddlePlaceForScience" time="2.915" classname="FieldText.VerifySpecialChar"/>
  <testcase name="SpecialCharNotAllowInitialPlaceForSocialScience" time="3.046" classname="FieldText.VerifySpecialChar"/>
  <testcase name="SpecialCharNotAllowLastPlaceForSocialScience" time="2.951" classname="FieldText.VerifySpecialChar"/>
  <testcase name="SpecialCharNotAllowMiddlePlaceForSocialScience" time="3.0" classname="FieldText.VerifySpecialChar"/>
  <testcase name="SpecialCharNotAllowInitialPlaceForAccountNumber" time="4.066" classname="FieldText.VerifySpecialChar"/>
  <testcase name="SpecialCharNotAllowLastPlaceForAccountNumber" time="9.498" classname="FieldText.VerifySpecialChar"/>
  <testcase name="SpecialCharNotAllowMiddlePlaceForAccountNumber" time="9.446" classname="FieldText.VerifySpecialChar"/>
  <testcase name="SpecialCharNotAllowInitialPlaceForIFSCCode" time="9.535" classname="FieldText.VerifySpecialChar"/>
  <testcase name="SpecialCharNotAllowLastPlaceForIFSCCode" time="9.441" classname="FieldText.VerifySpecialChar"/>
  <testcase name="SpecialCharNotAllowMiddlePlaceForIFSCCode" time="9.623" classname="FieldText.VerifySpecialChar"/>
  <testcase name="SpecialCharNotAllowInitialPlaceForMICRCode" time="9.095" classname="FieldText.VerifySpecialChar"/>
  <testcase name="SpecialCharNotAllowLastPlaceForMICRCode" time="9.033" classname="FieldText.VerifySpecialChar"/>
  <testcase name="SpecialCharNotAllowMiddlePlaceForMICRCode" time="9.048" classname="FieldText.VerifySpecialChar"/>
  <testcase name="SpecialCharNotAllowInitialPlaceForBankName" time="9.936" classname="FieldText.VerifySpecialChar"/>
  <testcase name="SpecialCharNotAllowLastPlaceForBankName" time="9.84" classname="FieldText.VerifySpecialChar"/>
  <testcase name="SpecialCharNotAllowMiddlePlaceForBankName" time="9.956" classname="FieldText.VerifySpecialChar"/>
  <testcase name="SpecialCharNotAllowInitialPlaceForBranchName" time="9.8" classname="FieldText.VerifySpecialChar"/>
  <testcase name="SpecialCharNotAllowLastPlaceForBranchName" time="9.89" classname="FieldText.VerifySpecialChar"/>
  <testcase name="SpecialCharNotAllowMiddlePlaceForBranchName" time="10.098" classname="FieldText.VerifySpecialChar"/>
  <testcase name="SpecialCharNotAllowInitialPlaceForSchoolName" time="10.032" classname="FieldText.VerifySpecialChar"/>
  <testcase name="SpecialCharNotAllowLastPlaceForSchoolName" time="10.128" classname="FieldText.VerifySpecialChar"/>
  <testcase name="SpecialCharNotAllowMiddlePlaceForSchoolName" time="10.35" classname="FieldText.VerifySpecialChar"/>
  <testcase name="SpecialCharNotAllowInitialPlaceForSchoolLocation" time="9.937" classname="FieldText.VerifySpecialChar"/>
  <testcase name="SpecialCharNotAllowLastPlaceForSchoolLocation" time="10.098" classname="FieldText.VerifySpecialChar"/>
  <testcase name="SpecialCharNotAllowMiddlePlaceForSchoolLocation" time="10.36" classname="FieldText.VerifySpecialChar"/>
  <testcase name="SpecialCharNotAllowInitialPlaceForFailMark" time="10.347" classname="FieldText.VerifySpecialChar"/>
  <testcase name="SpecialCharNotAllowLastPlaceForFailMark" time="10.2" classname="FieldText.VerifySpecialChar"/>
  <testcase name="SpecialCharNotAllowMiddlePlaceForFailMark" time="10.246" classname="FieldText.VerifySpecialChar"/>
  <testcase name="SpecialCharNotAllowInitialPlaceForPassMark" time="10.245" classname="FieldText.VerifySpecialChar"/>
  <testcase name="SpecialCharNotAllowLastPlaceForPassMark" time="10.371" classname="FieldText.VerifySpecialChar"/>
  <testcase name="SpecialCharNotAllowMiddlePlaceForPassMark" time="10.207" classname="FieldText.VerifySpecialChar"/>
</testsuite> <!-- VerifySpecialChar -->
