<?xml version="1.0" encoding="UTF-8"?>
<!-- Generated by org.testng.reporters.JUnitXMLReporter -->
<testsuite hostname="CSMBHUL251" ignored="0" name="VerifyFeespayment" tests="10" failures="0" timestamp="2020-07-02T09:53:08 IST" time="95.481" errors="0">
  <testcase name="VerifyTransgender_Feespayment" time="14.604" classname="com.minimizedScenariosExtentReport.VerifyFeespayment"/>
  <testcase name="VerifyORPHAN_Feespayment" time="16.26" classname="com.minimizedScenariosExtentReport.VerifyFeespayment"/>
  <testcase name="VerifyST_Feespayment" time="12.853" classname="com.minimizedScenariosExtentReport.VerifyFeespayment"/>
  <testcase name="VerifySC_Feespayment" time="2.28" classname="com.minimizedScenariosExtentReport.VerifyFeespayment"/>
  <testcase name="VerifyOBC_Feespayment" time="2.234" classname="com.minimizedScenariosExtentReport.VerifyFeespayment"/>
  <testcase name="Verify_SEBC_Feespayment" time="2.269" classname="com.minimizedScenariosExtentReport.VerifyFeespayment"/>
  <testcase name="VerifyGeneral_Feespayment" time="2.267" classname="com.minimizedScenariosExtentReport.VerifyFeespayment"/>
  <testcase name="VerifyPWD_Feespayment" time="6.323" classname="com.minimizedScenariosExtentReport.VerifyFeespayment"/>
  <testcase name="ExServiceman_Apply" time="0.743" classname="com.minimizedScenariosExtentReport.VerifyFeespayment"/>
  <testcase name="SDP_Apply" time="0.751" classname="com.minimizedScenariosExtentReport.VerifyFeespayment"/>
</testsuite> <!-- VerifyFeespayment -->
