<?xml version="1.0" encoding="UTF-8"?>
<!-- Generated by org.testng.reporters.JUnitXMLReporter -->
<testsuite hostname="CSMBHUL251" ignored="0" name="Check_MarkComparision" tests="4" failures="0" timestamp="2020-07-02T13:23:07 IST" time="84.134" errors="0">
  <testcase name="Compare_TotalMarkSecured_MaxMark" time="27.236" classname="com.minimizedScenariosExtentReport.Check_MarkComparision"/>
  <testcase name="Compare_TotalMarkSecured_Sumofindividualmarks" time="1.863" classname="com.minimizedScenariosExtentReport.Check_MarkComparision"/>
  <testcase name="Compare_PassMarkCompartmental_FailMarkPrevious" time="2.523" classname="com.minimizedScenariosExtentReport.Check_MarkComparision"/>
  <testcase name="Minimum_PassPercentages_IndividualSubject" time="22.034" classname="com.minimizedScenariosExtentReport.Check_MarkComparision"/>
</testsuite> <!-- Check_MarkComparision -->
