<?xml version="1.0" encoding="UTF-8"?>
<!-- Generated by org.testng.reporters.JUnitXMLReporter -->
<testsuite hostname="CSMBHUL251" ignored="0" name="ExamType" tests="3" failures="0" timestamp="2020-07-02T13:24:07 IST" time="59.548" errors="0">
  <testcase name="ExamType_Annual" time="0.84" classname="com.minimizedScenariosExtentReport.ExamType"/>
  <testcase name="Examtype_Supplementary" time="0.511" classname="com.minimizedScenariosExtentReport.ExamType"/>
  <testcase name="ChildrenOfMatrys_Apply" time="31.33" classname="com.minimizedScenariosExtentReport.ExamType"/>
</testsuite> <!-- ExamType -->
