<?xml version="1.0" encoding="UTF-8"?>
<!-- Generated by org.testng.reporters.JUnitXMLReporter -->
<testsuite hostname="CSMBHUL251" ignored="0" name="Mark_Grade" tests="4" failures="0" timestamp="2020-07-02T13:24:33 IST" time="25.528" errors="0">
  <testcase name="Mark_Grade_BPEKerela" time="0.984" classname="com.minimizedScenariosExtentReport.Mark_Grade"/>
  <testcase name="Mark_Grade_BSEAndhrapradesh" time="0.832" classname="com.minimizedScenariosExtentReport.Mark_Grade"/>
  <testcase name="Mark_Grade_BSEboard" time="0.532" classname="com.minimizedScenariosExtentReport.Mark_Grade"/>
  <testcase name="Mark_Grade_CBSEBoard" time="0.5" classname="com.minimizedScenariosExtentReport.Mark_Grade"/>
</testsuite> <!-- Mark_Grade -->
