<?xml version="1.0" encoding="UTF-8"?>
<!-- Generated by org.testng.reporters.JUnitXMLReporter -->
<testsuite hostname="CSMBHUL251" ignored="0" name="Test" tests="12" failures="0" timestamp="2020-07-02T13:05:58 IST" time="155.562" errors="0">
  <testcase name="Accept_DuplicateAadharnumber_Differentuser" time="2.329" classname="com.minimizedScenariosExtentReport.Verify_Duplicate"/>
  <testcase name="Accept_Duplicate_Guardianmobilenumber" time="3.834" classname="com.minimizedScenariosExtentReport.Verify_Duplicate"/>
  <testcase name="sameNumGuardianMobile" time="3.217" classname="com.minimizedScenariosExtentReport.Verify_Duplicate"/>
  <testcase name="Accept_DuplicateAddress_Differentuser" time="13.675" classname="com.minimizedScenariosExtentReport.Verify_Duplicate"/>
  <testcase name="Accept_Duplicate_Telephonumber" time="5.348" classname="com.minimizedScenariosExtentReport.Verify_Duplicate"/>
  <testcase name="Accept_samemobileno_telephonenumber" time="0.584" classname="com.minimizedScenariosExtentReport.Verify_Duplicate"/>
  <testcase name="Duplicate_Compartmental_Pass_Subject" time="15.504" classname="com.minimizedScenariosExtentReport.Verify_Duplicate"/>
  <testcase name="CheckDuplicacy_College_Stream" time="3.514" classname="com.minimizedScenariosExtentReport.Verify_Duplicate"/>
  <testcase name="Duplicate_Firstandforthelectivesubject_notapply" time="16.884" classname="com.minimizedScenariosExtentReport.Verify_Duplicate"/>
  <testcase name="Duplicate_Firstandsecondelectivesubject_notapply" time="6.982" classname="com.minimizedScenariosExtentReport.Verify_Duplicate"/>
  <testcase name="Duplicate_Firstandthirdelectivesubject_notapply" time="11.649" classname="com.minimizedScenariosExtentReport.Verify_Duplicate"/>
  <testcase name="Verify_Duplicate_Fourthelectivesubject" time="13.848" classname="com.minimizedScenariosExtentReport.Verify_Duplicate"/>
</testsuite> <!-- Test -->
