<?xml version="1.0" encoding="UTF-8"?>
<!-- Generated by org.testng.reporters.JUnitXMLReporter -->
<testsuite hostname="CSMBHUL251" ignored="0" name="Uniqueelectivesubject" tests="3" failures="0" timestamp="2020-07-02T13:07:18 IST" time="78.818" errors="0">
  <testcase name="Accept_Uniqueelectivesubject" time="50.674" classname="com.minimizedScenariosExtentReport.Uniqueelectivesubject"/>
  <testcase name="Accept_Uniqueforthelectivesubject" time="0.343" classname="com.minimizedScenariosExtentReport.Uniqueelectivesubject"/>
  <testcase name="Verify_Accepting_Duplicate_10thdata" time="1.588" classname="com.minimizedScenariosExtentReport.Uniqueelectivesubject"/>
</testsuite> <!-- Uniqueelectivesubject -->
