<?xml version="1.0" encoding="UTF-8"?>
<!-- Generated by org.testng.reporters.JUnitXMLReporter -->
<testsuite hostname="CSMBHUL251" ignored="0" name="VerifyFeespayment" tests="10" failures="0" timestamp="2020-07-02T13:27:32 IST" time="87.973" errors="0">
  <testcase name="VerifyTransgender_Feespayment" time="14.052" classname="com.minimizedScenariosExtentReport.VerifyFeespayment"/>
  <testcase name="VerifyORPHAN_Feespayment" time="16.506" classname="com.minimizedScenariosExtentReport.VerifyFeespayment"/>
  <testcase name="VerifyST_Feespayment" time="12.405" classname="com.minimizedScenariosExtentReport.VerifyFeespayment"/>
  <testcase name="VerifySC_Feespayment" time="2.262" classname="com.minimizedScenariosExtentReport.VerifyFeespayment"/>
  <testcase name="VerifyOBC_Feespayment" time="2.245" classname="com.minimizedScenariosExtentReport.VerifyFeespayment"/>
  <testcase name="Verify_SEBC_Feespayment" time="2.231" classname="com.minimizedScenariosExtentReport.VerifyFeespayment"/>
  <testcase name="VerifyGeneral_Feespayment" time="2.247" classname="com.minimizedScenariosExtentReport.VerifyFeespayment"/>
  <testcase name="VerifyPWD_Feespayment" time="6.362" classname="com.minimizedScenariosExtentReport.VerifyFeespayment"/>
  <testcase name="ExServiceman_Apply" time="0.481" classname="com.minimizedScenariosExtentReport.VerifyFeespayment"/>
  <testcase name="SDP_Apply" time="0.426" classname="com.minimizedScenariosExtentReport.VerifyFeespayment"/>
</testsuite> <!-- VerifyFeespayment -->
